QUERY PLAN                                
--------------------------------------------------------------------------
 Hash Join  (cost=1960.00..309400.93 rows=9997204 width=60)
   Hash Cond: (purchase.bookid = book.bookid)
   ->  Seq Scan on purchase  (cost=0.00..163649.04 rows=9997204 width=22)
   ->  Hash  (cost=944.00..944.00 rows=50000 width=38)
         ->  Seq Scan on book  (cost=0.00..944.00 rows=50000 width=38)
(5 rows)